This is pdfTeX, Version 3.14159265-2.6-1.40.20 (MiKTeX 2.9.7000 64-bit) (preloaded format=pdflatex 2019.3.25)  24 APR 2019 12:29
entering extended mode
**c:/Users/matth/Documents/School/DRP/Beamer/main.tex
(c:/Users/matth/Documents/School/DRP/Beamer/main.tex
LaTeX2e <2018-12-01>
("C:\Users\matth\AppData\Local\Programs\MiKTeX 2.9\tex/latex/beamer\beamer.cls"
Document Class: beamer 2018/12/02 v3.55 A class for typesetting presentations
("C:\Users\matth\AppData\Local\Programs\MiKTeX 2.9\tex/latex/beamer\beamerbasemodes.sty" ("C:\Users\matth\AppData\Local\Programs\MiKTeX 2.9\tex/latex/etoolbox\etoolbox.sty"
Package: etoolbox 2018/08/19 v2.5f e-TeX tools for LaTeX (JAW)
\etb@tempcnta=\count80
)
\beamer@tempbox=\box27
\beamer@tempcount=\count81
\c@beamerpauses=\count82
 ("C:\Users\matth\AppData\Local\Programs\MiKTeX 2.9\tex/latex/beamer\beamerbasedecode.sty"
\beamer@slideinframe=\count83
\beamer@minimum=\count84
)
\beamer@commentbox=\box28
\beamer@modecount=\count85
) ("C:\Users\matth\AppData\Local\Programs\MiKTeX 2.9\tex/generic/oberdiek\ifpdf.sty"
Package: ifpdf 2018/09/07 v3.3 Provides the ifpdf switch
)
\headdp=\dimen102
\footheight=\dimen103
\sidebarheight=\dimen104
\beamer@tempdim=\dimen105
\beamer@finalheight=\dimen106
\beamer@animht=\dimen107
\beamer@animdp=\dimen108
\beamer@animwd=\dimen109
\beamer@leftmargin=\dimen110
\beamer@rightmargin=\dimen111
\beamer@leftsidebar=\dimen112
\beamer@rightsidebar=\dimen113
\beamer@boxsize=\dimen114
\beamer@vboxoffset=\dimen115
\beamer@descdefault=\dimen116
\beamer@descriptionwidth=\dimen117
\beamer@lastskip=\skip41
\beamer@areabox=\box29
\beamer@animcurrent=\box30
\beamer@animshowbox=\box31
\beamer@sectionbox=\box32
\beamer@logobox=\box33
\beamer@linebox=\box34
\beamer@sectioncount=\count86
\beamer@subsubsectionmax=\count87
\beamer@subsectionmax=\count88
\beamer@sectionmax=\count89
\beamer@totalheads=\count90
\beamer@headcounter=\count91
\beamer@partstartpage=\count92
\beamer@sectionstartpage=\count93
\beamer@subsectionstartpage=\count94
\beamer@animationtempa=\count95
\beamer@animationtempb=\count96
\beamer@xpos=\count97
\beamer@ypos=\count98
\beamer@ypos@offset=\count99
\beamer@showpartnumber=\count100
\beamer@currentsubsection=\count101
\beamer@coveringdepth=\count102
\beamer@sectionadjust=\count103
\beamer@tocsectionnumber=\count104
 ("C:\Users\matth\AppData\Local\Programs\MiKTeX 2.9\tex/latex/beamer\beamerbaseoptions.sty" ("C:\Users\matth\AppData\Local\Programs\MiKTeX 2.9\tex/latex/graphics\keyval.sty"
Package: keyval 2014/10/28 v1.15 key=value parser (DPC)
\KV@toks@=\toks14
))
\beamer@paperwidth=\skip42
\beamer@paperheight=\skip43
 ("C:\Users\matth\AppData\Local\Programs\MiKTeX 2.9\tex/latex/geometry\geometry.sty"
Package: geometry 2018/04/16 v5.8 Page Geometry
 ("C:\Users\matth\AppData\Local\Programs\MiKTeX 2.9\tex/generic/oberdiek\ifvtex.sty"
Package: ifvtex 2016/05/16 v1.6 Detect VTeX and its facilities (HO)
Package ifvtex Info: VTeX not detected.
) ("C:\Users\matth\AppData\Local\Programs\MiKTeX 2.9\tex/generic/ifxetex\ifxetex.sty"
Package: ifxetex 2010/09/12 v0.6 Provides ifxetex conditional
)
\Gm@cnth=\count105
\Gm@cntv=\count106
\c@Gm@tempcnt=\count107
\Gm@bindingoffset=\dimen118
\Gm@wd@mp=\dimen119
\Gm@odd@mp=\dimen120
\Gm@even@mp=\dimen121
\Gm@layoutwidth=\dimen122
\Gm@layoutheight=\dimen123
\Gm@layouthoffset=\dimen124
\Gm@layoutvoffset=\dimen125
\Gm@dimlist=\toks15
 ("C:\Users\matth\AppData\Local\Programs\MiKTeX 2.9\tex/latex/geometry\geometry.cfg")) ("C:\Users\matth\AppData\Local\Programs\MiKTeX 2.9\tex/latex/base\size11.clo"
File: size11.clo 2018/09/03 v1.4i Standard LaTeX file (size option)
) ("C:\Users\matth\AppData\Local\Programs\MiKTeX 2.9\tex/latex/pgf/basiclayer\pgfcore.sty" ("C:\Users\matth\AppData\Local\Programs\MiKTeX 2.9\tex/latex/graphics\graphicx.sty"
Package: graphicx 2017/06/01 v1.1a Enhanced LaTeX Graphics (DPC,SPQR)
 ("C:\Users\matth\AppData\Local\Programs\MiKTeX 2.9\tex/latex/graphics\graphics.sty"
Package: graphics 2017/06/25 v1.2c Standard LaTeX Graphics (DPC,SPQR)
 ("C:\Users\matth\AppData\Local\Programs\MiKTeX 2.9\tex/latex/graphics\trig.sty"
Package: trig 2016/01/03 v1.10 sin cos tan (DPC)
) ("C:\Users\matth\AppData\Local\Programs\MiKTeX 2.9\tex/latex/graphics-cfg\graphics.cfg"
File: graphics.cfg 2016/06/04 v1.11 sample graphics configuration
)
Package graphics Info: Driver file: pdftex.def on input line 99.
 ("C:\Users\matth\AppData\Local\Programs\MiKTeX 2.9\tex/latex/graphics-def\pdftex.def"
File: pdftex.def 2018/01/08 v1.0l Graphics/color driver for pdftex
))
\Gin@req@height=\dimen126
\Gin@req@width=\dimen127
) ("C:\Users\matth\AppData\Local\Programs\MiKTeX 2.9\tex/latex/pgf/systemlayer\pgfsys.sty" ("C:\Users\matth\AppData\Local\Programs\MiKTeX 2.9\tex/latex/pgf/utilities\pgfrcs.sty" ("C:\Users\matth\AppData\Local\Programs\MiKTeX 2.9\tex/generic/pgf/utilities\pgfutil-common.tex"
\pgfutil@everybye=\toks16
\pgfutil@tempdima=\dimen128
\pgfutil@tempdimb=\dimen129
 ("C:\Users\matth\AppData\Local\Programs\MiKTeX 2.9\tex/generic/pgf/utilities\pgfutil-common-lists.tex")) ("C:\Users\matth\AppData\Local\Programs\MiKTeX 2.9\tex/generic/pgf/utilities\pgfutil-latex.def"
\pgfutil@abb=\box35
 ("C:\Users\matth\AppData\Local\Programs\MiKTeX 2.9\tex/latex/ms\everyshi.sty"
Package: everyshi 2001/05/15 v3.00 EveryShipout Package (MS)
)) ("C:\Users\matth\AppData\Local\Programs\MiKTeX 2.9\tex/generic/pgf/utilities\pgfrcs.code.tex" ("C:\Users\matth\AppData\Local\Programs\MiKTeX 2.9\tex/generic/pgf\pgf.revision.tex")
Package: pgfrcs 2019/02/02 v3.1.1 (3.1.1)
)) ("C:\Users\matth\AppData\Local\Programs\MiKTeX 2.9\tex/generic/pgf/systemlayer\pgfsys.code.tex"
Package: pgfsys 2019/02/02 v3.1.1 (3.1.1)
 ("C:\Users\matth\AppData\Local\Programs\MiKTeX 2.9\tex/generic/pgf/utilities\pgfkeys.code.tex"
\pgfkeys@pathtoks=\toks17
\pgfkeys@temptoks=\toks18
 ("C:\Users\matth\AppData\Local\Programs\MiKTeX 2.9\tex/generic/pgf/utilities\pgfkeysfiltered.code.tex"
\pgfkeys@tmptoks=\toks19
))
\pgf@x=\dimen130
\pgf@y=\dimen131
\pgf@xa=\dimen132
\pgf@ya=\dimen133
\pgf@xb=\dimen134
\pgf@yb=\dimen135
\pgf@xc=\dimen136
\pgf@yc=\dimen137
\w@pgf@writea=\write3
\r@pgf@reada=\read1
\c@pgf@counta=\count108
\c@pgf@countb=\count109
\c@pgf@countc=\count110
\c@pgf@countd=\count111
\t@pgf@toka=\toks20
\t@pgf@tokb=\toks21
\t@pgf@tokc=\toks22
\pgf@sys@id@count=\count112
 ("C:\Users\matth\AppData\Local\Programs\MiKTeX 2.9\tex/generic/pgf/systemlayer\pgf.cfg"
File: pgf.cfg 2019/02/02 v3.1.1 (3.1.1)
)
Driver file for pgf: pgfsys-pdftex.def
 ("C:\Users\matth\AppData\Local\Programs\MiKTeX 2.9\tex/generic/pgf/systemlayer\pgfsys-pdftex.def"
File: pgfsys-pdftex.def 2019/02/02 v3.1.1 (3.1.1)
 ("C:\Users\matth\AppData\Local\Programs\MiKTeX 2.9\tex/generic/pgf/systemlayer\pgfsys-common-pdf.def"
File: pgfsys-common-pdf.def 2019/02/02 v3.1.1 (3.1.1)
))) ("C:\Users\matth\AppData\Local\Programs\MiKTeX 2.9\tex/generic/pgf/systemlayer\pgfsyssoftpath.code.tex"
File: pgfsyssoftpath.code.tex 2019/02/02 v3.1.1 (3.1.1)
\pgfsyssoftpath@smallbuffer@items=\count113
\pgfsyssoftpath@bigbuffer@items=\count114
) ("C:\Users\matth\AppData\Local\Programs\MiKTeX 2.9\tex/generic/pgf/systemlayer\pgfsysprotocol.code.tex"
File: pgfsysprotocol.code.tex 2019/02/02 v3.1.1 (3.1.1)
)) ("C:\Users\matth\AppData\Local\Programs\MiKTeX 2.9\tex/latex/xcolor\xcolor.sty"
Package: xcolor 2016/05/11 v2.12 LaTeX color extensions (UK)
 ("C:\Users\matth\AppData\Local\Programs\MiKTeX 2.9\tex/latex/graphics-cfg\color.cfg"
File: color.cfg 2016/01/02 v1.6 sample color configuration
)
Package xcolor Info: Driver file: pdftex.def on input line 225.
Package xcolor Info: Model `cmy' substituted by `cmy0' on input line 1348.
Package xcolor Info: Model `hsb' substituted by `rgb' on input line 1352.
Package xcolor Info: Model `RGB' extended on input line 1364.
Package xcolor Info: Model `HTML' substituted by `rgb' on input line 1366.
Package xcolor Info: Model `Hsb' substituted by `hsb' on input line 1367.
Package xcolor Info: Model `tHsb' substituted by `hsb' on input line 1368.
Package xcolor Info: Model `HSB' substituted by `hsb' on input line 1369.
Package xcolor Info: Model `Gray' substituted by `gray' on input line 1370.
Package xcolor Info: Model `wave' substituted by `hsb' on input line 1371.
) ("C:\Users\matth\AppData\Local\Programs\MiKTeX 2.9\tex/generic/pgf/basiclayer\pgfcore.code.tex"
Package: pgfcore 2019/02/02 v3.1.1 (3.1.1)
 ("C:\Users\matth\AppData\Local\Programs\MiKTeX 2.9\tex/generic/pgf/math\pgfmath.code.tex" ("C:\Users\matth\AppData\Local\Programs\MiKTeX 2.9\tex/generic/pgf/math\pgfmathcalc.code.tex" ("C:\Users\matth\AppData\Local\Programs\MiKTeX 2.9\tex/generic/pgf/math\pgfmathutil.code.tex") ("C:\Users\matth\AppData\Local\Programs\MiKTeX 2.9\tex/generic/pgf/math\pgfmathparser.code.tex"
\pgfmath@dimen=\dimen138
\pgfmath@count=\count115
\pgfmath@box=\box36
\pgfmath@toks=\toks23
\pgfmath@stack@operand=\toks24
\pgfmath@stack@operation=\toks25
) ("C:\Users\matth\AppData\Local\Programs\MiKTeX 2.9\tex/generic/pgf/math\pgfmathfunctions.code.tex" ("C:\Users\matth\AppData\Local\Programs\MiKTeX 2.9\tex/generic/pgf/math\pgfmathfunctions.basic.code.tex") ("C:\Users\matth\AppData\Local\Programs\MiKTeX 2.9\tex/generic/pgf/math\pgfmathfunctions.trigonometric.code.tex") ("C:\Users\matth\AppData\Local\Programs\MiKTeX 2.9\tex/generic/pgf/math\pgfmathfunctions.random.code.tex") ("C:\Users\matth\AppData\Local\Programs\MiKTeX 2.9\tex/generic/pgf/math\pgfmathfunctions.comparison.code.tex") ("C:\Users\matth\AppData\Local\Programs\MiKTeX 2.9\tex/generic/pgf/math\pgfmathfunctions.base.code.tex") ("C:\Users\matth\AppData\Local\Programs\MiKTeX 2.9\tex/generic/pgf/math\pgfmathfunctions.round.code.tex") ("C:\Users\matth\AppData\Local\Programs\MiKTeX 2.9\tex/generic/pgf/math\pgfmathfunctions.misc.code.tex") ("C:\Users\matth\AppData\Local\Programs\MiKTeX 2.9\tex/generic/pgf/math\pgfmathfunctions.integerarithmetics.code.tex"))) ("C:\Users\matth\AppData\Local\Programs\MiKTeX 2.9\tex/generic/pgf/math\pgfmathfloat.code.tex"
\c@pgfmathroundto@lastzeros=\count116
)) ("C:\Users\matth\AppData\Local\Programs\MiKTeX 2.9\tex/generic/pgf/basiclayer\pgfcorepoints.code.tex"
File: pgfcorepoints.code.tex 2019/02/02 v3.1.1 (3.1.1)
\pgf@picminx=\dimen139
\pgf@picmaxx=\dimen140
\pgf@picminy=\dimen141
\pgf@picmaxy=\dimen142
\pgf@pathminx=\dimen143
\pgf@pathmaxx=\dimen144
\pgf@pathminy=\dimen145
\pgf@pathmaxy=\dimen146
\pgf@xx=\dimen147
\pgf@xy=\dimen148
\pgf@yx=\dimen149
\pgf@yy=\dimen150
\pgf@zx=\dimen151
\pgf@zy=\dimen152
) ("C:\Users\matth\AppData\Local\Programs\MiKTeX 2.9\tex/generic/pgf/basiclayer\pgfcorepathconstruct.code.tex"
File: pgfcorepathconstruct.code.tex 2019/02/02 v3.1.1 (3.1.1)
\pgf@path@lastx=\dimen153
\pgf@path@lasty=\dimen154
) ("C:\Users\matth\AppData\Local\Programs\MiKTeX 2.9\tex/generic/pgf/basiclayer\pgfcorepathusage.code.tex"
File: pgfcorepathusage.code.tex 2019/02/02 v3.1.1 (3.1.1)
\pgf@shorten@end@additional=\dimen155
\pgf@shorten@start@additional=\dimen156
) ("C:\Users\matth\AppData\Local\Programs\MiKTeX 2.9\tex/generic/pgf/basiclayer\pgfcorescopes.code.tex"
File: pgfcorescopes.code.tex 2019/02/02 v3.1.1 (3.1.1)
\pgfpic=\box37
\pgf@hbox=\box38
\pgf@layerbox@main=\box39
\pgf@picture@serial@count=\count117
) ("C:\Users\matth\AppData\Local\Programs\MiKTeX 2.9\tex/generic/pgf/basiclayer\pgfcoregraphicstate.code.tex"
File: pgfcoregraphicstate.code.tex 2019/02/02 v3.1.1 (3.1.1)
\pgflinewidth=\dimen157
) ("C:\Users\matth\AppData\Local\Programs\MiKTeX 2.9\tex/generic/pgf/basiclayer\pgfcoretransformations.code.tex"
File: pgfcoretransformations.code.tex 2019/02/02 v3.1.1 (3.1.1)
\pgf@pt@x=\dimen158
\pgf@pt@y=\dimen159
\pgf@pt@temp=\dimen160
) ("C:\Users\matth\AppData\Local\Programs\MiKTeX 2.9\tex/generic/pgf/basiclayer\pgfcorequick.code.tex"
File: pgfcorequick.code.tex 2019/02/02 v3.1.1 (3.1.1)
) ("C:\Users\matth\AppData\Local\Programs\MiKTeX 2.9\tex/generic/pgf/basiclayer\pgfcoreobjects.code.tex"
File: pgfcoreobjects.code.tex 2019/02/02 v3.1.1 (3.1.1)
) ("C:\Users\matth\AppData\Local\Programs\MiKTeX 2.9\tex/generic/pgf/basiclayer\pgfcorepathprocessing.code.tex"
File: pgfcorepathprocessing.code.tex 2019/02/02 v3.1.1 (3.1.1)
) ("C:\Users\matth\AppData\Local\Programs\MiKTeX 2.9\tex/generic/pgf/basiclayer\pgfcorearrows.code.tex"
File: pgfcorearrows.code.tex 2019/02/02 v3.1.1 (3.1.1)
\pgfarrowsep=\dimen161
) ("C:\Users\matth\AppData\Local\Programs\MiKTeX 2.9\tex/generic/pgf/basiclayer\pgfcoreshade.code.tex"
File: pgfcoreshade.code.tex 2019/02/02 v3.1.1 (3.1.1)
\pgf@max=\dimen162
\pgf@sys@shading@range@num=\count118
) ("C:\Users\matth\AppData\Local\Programs\MiKTeX 2.9\tex/generic/pgf/basiclayer\pgfcoreimage.code.tex"
File: pgfcoreimage.code.tex 2019/02/02 v3.1.1 (3.1.1)
 ("C:\Users\matth\AppData\Local\Programs\MiKTeX 2.9\tex/generic/pgf/basiclayer\pgfcoreexternal.code.tex"
File: pgfcoreexternal.code.tex 2019/02/02 v3.1.1 (3.1.1)
\pgfexternal@startupbox=\box40
)) ("C:\Users\matth\AppData\Local\Programs\MiKTeX 2.9\tex/generic/pgf/basiclayer\pgfcorelayers.code.tex"
File: pgfcorelayers.code.tex 2019/02/02 v3.1.1 (3.1.1)
) ("C:\Users\matth\AppData\Local\Programs\MiKTeX 2.9\tex/generic/pgf/basiclayer\pgfcoretransparency.code.tex"
File: pgfcoretransparency.code.tex 2019/02/02 v3.1.1 (3.1.1)
) ("C:\Users\matth\AppData\Local\Programs\MiKTeX 2.9\tex/generic/pgf/basiclayer\pgfcorepatterns.code.tex"
File: pgfcorepatterns.code.tex 2019/02/02 v3.1.1 (3.1.1)
) ("C:\Users\matth\AppData\Local\Programs\MiKTeX 2.9\tex/generic/pgf/basiclayer\pgfcorerdf.code.tex"
File: pgfcorerdf.code.tex 2019/02/02 v3.1.1 (3.1.1)
))) ("C:\Users\matth\AppData\Local\Programs\MiKTeX 2.9\tex/latex/pgf/utilities\xxcolor.sty"
Package: xxcolor 2003/10/24 ver 0.1
\XC@nummixins=\count119
\XC@countmixins=\count120
) ("C:\Users\matth\AppData\Local\Programs\MiKTeX 2.9\tex/generic/oberdiek\atbegshi.sty"
Package: atbegshi 2016/06/09 v1.18 At begin shipout hook (HO)
 ("C:\Users\matth\AppData\Local\Programs\MiKTeX 2.9\tex/generic/oberdiek\infwarerr.sty"
Package: infwarerr 2016/05/16 v1.4 Providing info/warning/error messages (HO)
) ("C:\Users\matth\AppData\Local\Programs\MiKTeX 2.9\tex/generic/oberdiek\ltxcmds.sty"
Package: ltxcmds 2016/05/16 v1.23 LaTeX kernel commands for general use (HO)
)) ("C:\Users\matth\AppData\Local\Programs\MiKTeX 2.9\tex/latex/hyperref\hyperref.sty"
Package: hyperref 2018/11/30 v6.88e Hypertext links for LaTeX
 ("C:\Users\matth\AppData\Local\Programs\MiKTeX 2.9\tex/generic/oberdiek\hobsub-hyperref.sty"
Package: hobsub-hyperref 2016/05/16 v1.14 Bundle oberdiek, subset hyperref (HO)
 ("C:\Users\matth\AppData\Local\Programs\MiKTeX 2.9\tex/generic/oberdiek\hobsub-generic.sty"
Package: hobsub-generic 2016/05/16 v1.14 Bundle oberdiek, subset generic (HO)
Package: hobsub 2016/05/16 v1.14 Construct package bundles (HO)
Package hobsub Info: Skipping package `infwarerr' (already loaded).
Package hobsub Info: Skipping package `ltxcmds' (already loaded).
Package: ifluatex 2016/05/16 v1.4 Provides the ifluatex switch (HO)
Package ifluatex Info: LuaTeX not detected.
Package hobsub Info: Skipping package `ifvtex' (already loaded).
Package: intcalc 2016/05/16 v1.2 Expandable calculations with integers (HO)
Package hobsub Info: Skipping package `ifpdf' (already loaded).
Package: etexcmds 2016/05/16 v1.6 Avoid name clashes with e-TeX commands (HO)
Package: kvsetkeys 2016/05/16 v1.17 Key value parser (HO)
Package: kvdefinekeys 2016/05/16 v1.4 Define keys (HO)
Package: pdftexcmds 2018/09/10 v0.29 Utility functions of pdfTeX for LuaTeX (HO)
Package pdftexcmds Info: LuaTeX not detected.
Package pdftexcmds Info: \pdf@primitive is available.
Package pdftexcmds Info: \pdf@ifprimitive is available.
Package pdftexcmds Info: \pdfdraftmode found.
Package: pdfescape 2016/05/16 v1.14 Implements pdfTeX's escape features (HO)
Package: bigintcalc 2016/05/16 v1.4 Expandable calculations on big integers (HO)
Package: bitset 2016/05/16 v1.2 Handle bit-vector datatype (HO)
Package: uniquecounter 2016/05/16 v1.3 Provide unlimited unique counter (HO)
)
Package hobsub Info: Skipping package `hobsub' (already loaded).
Package: letltxmacro 2016/05/16 v1.5 Let assignment for LaTeX macros (HO)
Package: hopatch 2016/05/16 v1.3 Wrapper for package hooks (HO)
Package: xcolor-patch 2016/05/16 xcolor patch
Package: atveryend 2016/05/16 v1.9 Hooks at the very end of document (HO)
Package hobsub Info: Skipping package `atbegshi' (already loaded).
Package: refcount 2016/05/16 v3.5 Data extraction from label references (HO)
Package: hycolor 2016/05/16 v1.8 Color options for hyperref/bookmark (HO)
) ("C:\Users\matth\AppData\Local\Programs\MiKTeX 2.9\tex/latex/oberdiek\auxhook.sty"
Package: auxhook 2016/05/16 v1.4 Hooks for auxiliary files (HO)
) ("C:\Users\matth\AppData\Local\Programs\MiKTeX 2.9\tex/latex/oberdiek\kvoptions.sty"
Package: kvoptions 2016/05/16 v3.12 Key value format for package options (HO)
)
\@linkdim=\dimen163
\Hy@linkcounter=\count121
\Hy@pagecounter=\count122
 ("C:\Users\matth\AppData\Local\Programs\MiKTeX 2.9\tex/latex/hyperref\pd1enc.def"
File: pd1enc.def 2018/11/30 v6.88e Hyperref: PDFDocEncoding definition (HO)
Now handling font encoding PD1 ...
... no UTF-8 mapping file for font encoding PD1
)
\Hy@SavedSpaceFactor=\count123
 ("C:\Users\matth\AppData\Local\Programs\MiKTeX 2.9\tex/latex/00miktex\hyperref.cfg"
File: hyperref.cfg 2002/06/06 v1.2 hyperref configuration of TeXLive
)
Package hyperref Info: Option `bookmarks' set `true' on input line 4393.
Package hyperref Info: Option `bookmarksopen' set `true' on input line 4393.
Package hyperref Info: Option `implicit' set `false' on input line 4393.
Package hyperref Info: Hyper figures OFF on input line 4519.
Package hyperref Info: Link nesting OFF on input line 4524.
Package hyperref Info: Hyper index ON on input line 4527.
Package hyperref Info: Plain pages OFF on input line 4534.
Package hyperref Info: Backreferencing OFF on input line 4539.
Package hyperref Info: Implicit mode OFF; no redefinition of LaTeX internals.
Package hyperref Info: Bookmarks ON on input line 4772.
\c@Hy@tempcnt=\count124
 ("C:\Users\matth\AppData\Local\Programs\MiKTeX 2.9\tex/latex/url\url.sty"
\Urlmuskip=\muskip10
Package: url 2013/09/16  ver 3.4  Verb mode for urls, etc.
)
LaTeX Info: Redefining \url on input line 5125.
\XeTeXLinkMargin=\dimen164
\Fld@menulength=\count125
\Field@Width=\dimen165
\Fld@charsize=\dimen166
Package hyperref Info: Hyper figures OFF on input line 6380.
Package hyperref Info: Link nesting OFF on input line 6385.
Package hyperref Info: Hyper index ON on input line 6388.
Package hyperref Info: backreferencing OFF on input line 6395.
Package hyperref Info: Link coloring OFF on input line 6400.
Package hyperref Info: Link coloring with OCG OFF on input line 6405.
Package hyperref Info: PDF/A mode OFF on input line 6410.
LaTeX Info: Redefining \ref on input line 6450.
LaTeX Info: Redefining \pageref on input line 6454.
\Hy@abspage=\count126


Package hyperref Message: Stopped early.

)
Package hyperref Info: Driver (autodetected): hpdftex.
 ("C:\Users\matth\AppData\Local\Programs\MiKTeX 2.9\tex/latex/hyperref\hpdftex.def"
File: hpdftex.def 2018/11/30 v6.88e Hyperref driver for pdfTeX
\Fld@listcount=\count127
\c@bookmark@seq@number=\count128
 ("C:\Users\matth\AppData\Local\Programs\MiKTeX 2.9\tex/latex/oberdiek\rerunfilecheck.sty"
Package: rerunfilecheck 2016/05/16 v1.8 Rerun checks for auxiliary files (HO)
Package uniquecounter Info: New unique counter `rerunfilecheck' on input line 282.
)) ("C:\Users\matth\AppData\Local\Programs\MiKTeX 2.9\tex/latex/beamer\beamerbaserequires.sty" ("C:\Users\matth\AppData\Local\Programs\MiKTeX 2.9\tex/latex/beamer\beamerbasecompatibility.sty") ("C:\Users\matth\AppData\Local\Programs\MiKTeX 2.9\tex/latex/beamer\beamerbasefont.sty" ("C:\Users\matth\AppData\Local\Programs\MiKTeX 2.9\tex/latex/amsfonts\amssymb.sty"
Package: amssymb 2013/01/14 v3.01 AMS font symbols
 ("C:\Users\matth\AppData\Local\Programs\MiKTeX 2.9\tex/latex/amsfonts\amsfonts.sty"
Package: amsfonts 2013/01/14 v3.01 Basic AMSFonts support
\@emptytoks=\toks26
\symAMSa=\mathgroup4
\symAMSb=\mathgroup5
LaTeX Font Info:    Overwriting math alphabet `\mathfrak' in version `bold'
(Font)                  U/euf/m/n --> U/euf/b/n on input line 106.
)) ("C:\Users\matth\AppData\Local\Programs\MiKTeX 2.9\tex/latex/sansmathaccent\sansmathaccent.sty"
Package: sansmathaccent 2013/03/28
 ("C:\Users\matth\AppData\Local\Programs\MiKTeX 2.9\tex/latex/filehook\filehook.sty"
Package: filehook 2011/10/12 v0.5d Hooks for input files
))) ("C:\Users\matth\AppData\Local\Programs\MiKTeX 2.9\tex/latex/beamer\beamerbasetranslator.sty" ("C:\Users\matth\AppData\Local\Programs\MiKTeX 2.9\tex/latex/translator\translator.sty"
Package: translator 2018/01/04 v1.12 Easy translation of strings in LaTeX
)) ("C:\Users\matth\AppData\Local\Programs\MiKTeX 2.9\tex/latex/beamer\beamerbasemisc.sty") ("C:\Users\matth\AppData\Local\Programs\MiKTeX 2.9\tex/latex/beamer\beamerbasetwoscreens.sty") ("C:\Users\matth\AppData\Local\Programs\MiKTeX 2.9\tex/latex/beamer\beamerbaseoverlay.sty"
\beamer@argscount=\count129
\beamer@lastskipcover=\skip44
\beamer@trivlistdepth=\count130
) ("C:\Users\matth\AppData\Local\Programs\MiKTeX 2.9\tex/latex/beamer\beamerbasetitle.sty") ("C:\Users\matth\AppData\Local\Programs\MiKTeX 2.9\tex/latex/beamer\beamerbasesection.sty"
\c@lecture=\count131
\c@part=\count132
\c@section=\count133
\c@subsection=\count134
\c@subsubsection=\count135
) ("C:\Users\matth\AppData\Local\Programs\MiKTeX 2.9\tex/latex/beamer\beamerbaseframe.sty"
\beamer@framebox=\box41
\beamer@frametitlebox=\box42
\beamer@zoombox=\box43
\beamer@zoomcount=\count136
\beamer@zoomframecount=\count137
\beamer@frametextheight=\dimen167
\c@subsectionslide=\count138
\beamer@frametopskip=\skip45
\beamer@framebottomskip=\skip46
\beamer@frametopskipautobreak=\skip47
\beamer@framebottomskipautobreak=\skip48
\beamer@envbody=\toks27
\framewidth=\dimen168
\c@framenumber=\count139
) ("C:\Users\matth\AppData\Local\Programs\MiKTeX 2.9\tex/latex/beamer\beamerbaseverbatim.sty"
\beamer@verbatimfileout=\write4
) ("C:\Users\matth\AppData\Local\Programs\MiKTeX 2.9\tex/latex/beamer\beamerbaseframesize.sty"
\beamer@splitbox=\box44
\beamer@autobreakcount=\count140
\beamer@autobreaklastheight=\dimen169
\beamer@frametitletoks=\toks28
\beamer@framesubtitletoks=\toks29
) ("C:\Users\matth\AppData\Local\Programs\MiKTeX 2.9\tex/latex/beamer\beamerbaseframecomponents.sty"
\beamer@footins=\box45
) ("C:\Users\matth\AppData\Local\Programs\MiKTeX 2.9\tex/latex/beamer\beamerbasecolor.sty") ("C:\Users\matth\AppData\Local\Programs\MiKTeX 2.9\tex/latex/beamer\beamerbasenotes.sty"
\beamer@frameboxcopy=\box46
) ("C:\Users\matth\AppData\Local\Programs\MiKTeX 2.9\tex/latex/beamer\beamerbasetoc.sty") ("C:\Users\matth\AppData\Local\Programs\MiKTeX 2.9\tex/latex/beamer\beamerbasetemplates.sty"
\beamer@sbttoks=\toks30
 ("C:\Users\matth\AppData\Local\Programs\MiKTeX 2.9\tex/latex/beamer\beamerbaseauxtemplates.sty" ("C:\Users\matth\AppData\Local\Programs\MiKTeX 2.9\tex/latex/beamer\beamerbaseboxes.sty"
\bmb@box=\box47
\bmb@colorbox=\box48
\bmb@boxshadow=\box49
\bmb@boxshadowball=\box50
\bmb@boxshadowballlarge=\box51
\bmb@temp=\dimen170
\bmb@dima=\dimen171
\bmb@dimb=\dimen172
\bmb@prevheight=\dimen173
)
\beamer@blockheadheight=\dimen174
)) ("C:\Users\matth\AppData\Local\Programs\MiKTeX 2.9\tex/latex/beamer\beamerbaselocalstructure.sty" ("C:\Users\matth\AppData\Local\Programs\MiKTeX 2.9\tex/latex/tools\enumerate.sty"
Package: enumerate 2015/07/23 v3.00 enumerate extensions (DPC)
\@enLab=\toks31
)
\c@figure=\count141
\c@table=\count142
\abovecaptionskip=\skip49
\belowcaptionskip=\skip50
) ("C:\Users\matth\AppData\Local\Programs\MiKTeX 2.9\tex/latex/beamer\beamerbasenavigation.sty"
\beamer@section@min@dim=\dimen175
) ("C:\Users\matth\AppData\Local\Programs\MiKTeX 2.9\tex/latex/beamer\beamerbasetheorems.sty" ("C:\Users\matth\AppData\Local\Programs\MiKTeX 2.9\tex/latex/amsmath\amsmath.sty"
Package: amsmath 2018/12/01 v2.17b AMS math features
\@mathmargin=\skip51

For additional information on amsmath, use the `?' option.
("C:\Users\matth\AppData\Local\Programs\MiKTeX 2.9\tex/latex/amsmath\amstext.sty"
Package: amstext 2000/06/29 v2.01 AMS text
 ("C:\Users\matth\AppData\Local\Programs\MiKTeX 2.9\tex/latex/amsmath\amsgen.sty"
File: amsgen.sty 1999/11/30 v2.0 generic functions
\@emptytoks=\toks32
\ex@=\dimen176
)) ("C:\Users\matth\AppData\Local\Programs\MiKTeX 2.9\tex/latex/amsmath\amsbsy.sty"
Package: amsbsy 1999/11/29 v1.2d Bold Symbols
\pmbraise@=\dimen177
) ("C:\Users\matth\AppData\Local\Programs\MiKTeX 2.9\tex/latex/amsmath\amsopn.sty"
Package: amsopn 2016/03/08 v2.02 operator names
)
\inf@bad=\count143
LaTeX Info: Redefining \frac on input line 223.
\uproot@=\count144
\leftroot@=\count145
LaTeX Info: Redefining \overline on input line 385.
\classnum@=\count146
\DOTSCASE@=\count147
LaTeX Info: Redefining \ldots on input line 482.
LaTeX Info: Redefining \dots on input line 485.
LaTeX Info: Redefining \cdots on input line 606.
\Mathstrutbox@=\box52
\strutbox@=\box53
\big@size=\dimen178
LaTeX Font Info:    Redeclaring font encoding OML on input line 729.
LaTeX Font Info:    Redeclaring font encoding OMS on input line 730.
\macc@depth=\count148
\c@MaxMatrixCols=\count149
\dotsspace@=\muskip11
\c@parentequation=\count150
\dspbrk@lvl=\count151
\tag@help=\toks33
\row@=\count152
\column@=\count153
\maxfields@=\count154
\andhelp@=\toks34
\eqnshift@=\dimen179
\alignsep@=\dimen180
\tagshift@=\dimen181
\tagwidth@=\dimen182
\totwidth@=\dimen183
\lineht@=\dimen184
\@envbody=\toks35
\multlinegap=\skip52
\multlinetaggap=\skip53
\mathdisplay@stack=\toks36
LaTeX Info: Redefining \[ on input line 2844.
LaTeX Info: Redefining \] on input line 2845.
) ("C:\Users\matth\AppData\Local\Programs\MiKTeX 2.9\tex/latex/amscls\amsthm.sty"
Package: amsthm 2017/10/31 v2.20.4
\thm@style=\toks37
\thm@bodyfont=\toks38
\thm@headfont=\toks39
\thm@notefont=\toks40
\thm@headpunct=\toks41
\thm@preskip=\skip54
\thm@postskip=\skip55
\thm@headsep=\skip56
\dth@everypar=\toks42
)
\c@theorem=\count155
) ("C:\Users\matth\AppData\Local\Programs\MiKTeX 2.9\tex/latex/beamer\beamerbasethemes.sty")) ("C:\Users\matth\AppData\Local\Programs\MiKTeX 2.9\tex/latex/beamer\beamerthemedefault.sty" ("C:\Users\matth\AppData\Local\Programs\MiKTeX 2.9\tex/latex/beamer\beamerfontthemedefault.sty") ("C:\Users\matth\AppData\Local\Programs\MiKTeX 2.9\tex/latex/beamer\beamercolorthemedefault.sty") ("C:\Users\matth\AppData\Local\Programs\MiKTeX 2.9\tex/latex/beamer\beamerinnerthemedefault.sty"
\beamer@dima=\dimen185
\beamer@dimb=\dimen186
) ("C:\Users\matth\AppData\Local\Programs\MiKTeX 2.9\tex/latex/beamer\beamerouterthemedefault.sty"))) ("C:\Users\matth\AppData\Local\Programs\MiKTeX 2.9\tex/latex/beamer\beamerthemeMadrid.sty" ("C:\Users\matth\AppData\Local\Programs\MiKTeX 2.9\tex/latex/beamer\beamercolorthemewhale.sty") ("C:\Users\matth\AppData\Local\Programs\MiKTeX 2.9\tex/latex/beamer\beamercolorthemeorchid.sty") ("C:\Users\matth\AppData\Local\Programs\MiKTeX 2.9\tex/latex/beamer\beamerinnerthemerounded.sty") ("C:\Users\matth\AppData\Local\Programs\MiKTeX 2.9\tex/latex/beamer\beamerouterthemeinfolines.sty")) ("C:\Users\matth\AppData\Local\Programs\MiKTeX 2.9\tex/latex/booktabs\booktabs.sty"
Package: booktabs 2005/04/14 v1.61803 publication quality tables
\heavyrulewidth=\dimen187
\lightrulewidth=\dimen188
\cmidrulewidth=\dimen189
\belowrulesep=\dimen190
\belowbottomsep=\dimen191
\aboverulesep=\dimen192
\abovetopsep=\dimen193
\cmidrulesep=\dimen194
\cmidrulekern=\dimen195
\defaultaddspace=\dimen196
\@cmidla=\count156
\@cmidlb=\count157
\@aboverulesep=\dimen197
\@belowrulesep=\dimen198
\@thisruleclass=\count158
\@lastruleclass=\count159
\@thisrulewidth=\dimen199
) (c:/Users\matth\Documents\School\DRP\Beamer\main.aux)
\openout1 = `main.aux'.

LaTeX Font Info:    Checking defaults for OML/cmm/m/it on input line 101.
LaTeX Font Info:    ... okay on input line 101.
LaTeX Font Info:    Checking defaults for T1/cmr/m/n on input line 101.
LaTeX Font Info:    ... okay on input line 101.
LaTeX Font Info:    Checking defaults for OT1/cmr/m/n on input line 101.
LaTeX Font Info:    ... okay on input line 101.
LaTeX Font Info:    Checking defaults for OMS/cmsy/m/n on input line 101.
LaTeX Font Info:    ... okay on input line 101.
LaTeX Font Info:    Checking defaults for OMX/cmex/m/n on input line 101.
LaTeX Font Info:    ... okay on input line 101.
LaTeX Font Info:    Checking defaults for U/cmr/m/n on input line 101.
LaTeX Font Info:    ... okay on input line 101.
LaTeX Font Info:    Checking defaults for PD1/pdf/m/n on input line 101.
LaTeX Font Info:    ... okay on input line 101.

*geometry* driver: auto-detecting
*geometry* detected driver: pdftex
*geometry* verbose mode - [ preamble ] result:
* driver: pdftex
* paper: custom
* layout: <same size as paper>
* layoutoffset:(h,v)=(0.0pt,0.0pt)
* modes: includehead includefoot 
* h-part:(L,W,R)=(10.95003pt, 342.2953pt, 10.95003pt)
* v-part:(T,H,B)=(0.0pt, 273.14662pt, 0.0pt)
* \paperwidth=364.19536pt
* \paperheight=273.14662pt
* \textwidth=342.2953pt
* \textheight=244.6939pt
* \oddsidemargin=-61.31996pt
* \evensidemargin=-61.31996pt
* \topmargin=-72.26999pt
* \headheight=14.22636pt
* \headsep=0.0pt
* \topskip=11.0pt
* \footskip=14.22636pt
* \marginparwidth=4.0pt
* \marginparsep=10.0pt
* \columnsep=10.0pt
* \skip\footins=10.0pt plus 4.0pt minus 2.0pt
* \hoffset=0.0pt
* \voffset=0.0pt
* \mag=1000
* \@twocolumnfalse
* \@twosidefalse
* \@mparswitchfalse
* \@reversemarginfalse
* (1in=72.27pt=25.4mm, 1cm=28.453pt)

("C:\Users\matth\AppData\Local\Programs\MiKTeX 2.9\tex/context/base/mkii\supp-pdf.mkii"
[Loading MPS to PDF converter (version 2006.09.02).]
\scratchcounter=\count160
\scratchdimen=\dimen256
\scratchbox=\box54
\nofMPsegments=\count161
\nofMParguments=\count162
\everyMPshowfont=\toks43
\MPscratchCnt=\count163
\MPscratchDim=\dimen257
\MPnumerator=\count164
\makeMPintoPDFobject=\count165
\everyMPtoPDFconversion=\toks44
) ("C:\Users\matth\AppData\Local\Programs\MiKTeX 2.9\tex/latex/oberdiek\epstopdf-base.sty"
Package: epstopdf-base 2016/05/15 v2.6 Base part for package epstopdf
 ("C:\Users\matth\AppData\Local\Programs\MiKTeX 2.9\tex/latex/oberdiek\grfext.sty"
Package: grfext 2016/05/16 v1.2 Manage graphics extensions (HO)
)
Package epstopdf-base Info: Redefining graphics rule for `.eps' on input line 438.
Package grfext Info: Graphics extension search list:
(grfext)             [.pdf,.png,.jpg,.mps,.jpeg,.jbig2,.jb2,.PDF,.PNG,.JPG,.JPEG,.JBIG2,.JB2,.eps]
(grfext)             \AppendGraphicsExtensions on input line 456.
) ABD: EveryShipout initializing macros
\AtBeginShipoutBox=\box55
Package hyperref Info: Link coloring OFF on input line 101.
 ("C:\Users\matth\AppData\Local\Programs\MiKTeX 2.9\tex/latex/hyperref\nameref.sty"
Package: nameref 2016/05/21 v2.44 Cross-referencing by name of section
 ("C:\Users\matth\AppData\Local\Programs\MiKTeX 2.9\tex/generic/oberdiek\gettitlestring.sty"
Package: gettitlestring 2016/05/16 v1.5 Cleanup title references (HO)
)
\c@section@level=\count166
)
LaTeX Info: Redefining \ref on input line 101.
LaTeX Info: Redefining \pageref on input line 101.
LaTeX Info: Redefining \nameref on input line 101.
 (c:/Users\matth\Documents\School\DRP\Beamer\main.out) (c:/Users\matth\Documents\School\DRP\Beamer\main.out)
\@outlinefile=\write5
\openout5 = `main.out'.

LaTeX Font Info:    Overwriting symbol font `operators' in version `normal'
(Font)                  OT1/cmr/m/n --> OT1/cmss/m/n on input line 101.
LaTeX Font Info:    Overwriting symbol font `operators' in version `bold'
(Font)                  OT1/cmr/bx/n --> OT1/cmss/bx/n on input line 101.
\symnumbers=\mathgroup6
\sympureletters=\mathgroup7
LaTeX Font Info:    Overwriting math alphabet `\mathrm' in version `normal'
(Font)                  OT1/cmss/m/n --> OT1/cmr/m/n on input line 101.
LaTeX Font Info:    Redeclaring math alphabet \mathbf on input line 101.
LaTeX Font Info:    Overwriting math alphabet `\mathbf' in version `normal'
(Font)                  OT1/cmr/bx/n --> OT1/cmss/bx/n on input line 101.
LaTeX Font Info:    Overwriting math alphabet `\mathbf' in version `bold'
(Font)                  OT1/cmr/bx/n --> OT1/cmss/bx/n on input line 101.
LaTeX Font Info:    Redeclaring math alphabet \mathsf on input line 101.
LaTeX Font Info:    Overwriting math alphabet `\mathsf' in version `normal'
(Font)                  OT1/cmss/m/n --> OT1/cmss/m/n on input line 101.
LaTeX Font Info:    Overwriting math alphabet `\mathsf' in version `bold'
(Font)                  OT1/cmss/bx/n --> OT1/cmss/m/n on input line 101.
LaTeX Font Info:    Redeclaring math alphabet \mathit on input line 101.
LaTeX Font Info:    Overwriting math alphabet `\mathit' in version `normal'
(Font)                  OT1/cmr/m/it --> OT1/cmss/m/it on input line 101.
LaTeX Font Info:    Overwriting math alphabet `\mathit' in version `bold'
(Font)                  OT1/cmr/bx/it --> OT1/cmss/m/it on input line 101.
LaTeX Font Info:    Redeclaring math alphabet \mathtt on input line 101.
LaTeX Font Info:    Overwriting math alphabet `\mathtt' in version `normal'
(Font)                  OT1/cmtt/m/n --> OT1/cmtt/m/n on input line 101.
LaTeX Font Info:    Overwriting math alphabet `\mathtt' in version `bold'
(Font)                  OT1/cmtt/m/n --> OT1/cmtt/m/n on input line 101.
LaTeX Font Info:    Overwriting symbol font `numbers' in version `bold'
(Font)                  OT1/cmss/m/n --> OT1/cmss/bx/n on input line 101.
LaTeX Font Info:    Overwriting symbol font `pureletters' in version `bold'
(Font)                  OT1/cmss/m/it --> OT1/cmss/bx/it on input line 101.
LaTeX Font Info:    Overwriting math alphabet `\mathrm' in version `bold'
(Font)                  OT1/cmss/bx/n --> OT1/cmr/bx/n on input line 101.
LaTeX Font Info:    Overwriting math alphabet `\mathbf' in version `bold'
(Font)                  OT1/cmss/bx/n --> OT1/cmss/bx/n on input line 101.
LaTeX Font Info:    Overwriting math alphabet `\mathsf' in version `bold'
(Font)                  OT1/cmss/m/n --> OT1/cmss/bx/n on input line 101.
LaTeX Font Info:    Overwriting math alphabet `\mathit' in version `bold'
(Font)                  OT1/cmss/m/it --> OT1/cmss/bx/it on input line 101.
LaTeX Font Info:    Overwriting math alphabet `\mathtt' in version `bold'
(Font)                  OT1/cmtt/m/n --> OT1/cmtt/bx/n on input line 101.
LaTeX Font Info:    Redeclaring symbol font `pureletters' on input line 101.
LaTeX Font Info:    Overwriting symbol font `pureletters' in version `normal'
(Font)                  OT1/cmss/m/it --> OT1/mathkerncmss/m/sl on input line 101.
LaTeX Font Info:    Overwriting symbol font `pureletters' in version `bold'
(Font)                  OT1/cmss/bx/it --> OT1/mathkerncmss/m/sl on input line 101.
LaTeX Font Info:    Overwriting symbol font `pureletters' in version `bold'
(Font)                  OT1/mathkerncmss/m/sl --> OT1/mathkerncmss/bx/sl on input line 101.
 ("C:\Users\matth\AppData\Local\Programs\MiKTeX 2.9\tex/latex/translator\translator-basic-dictionary-English.dict"
Dictionary: translator-basic-dictionary, Language: English 
) ("C:\Users\matth\AppData\Local\Programs\MiKTeX 2.9\tex/latex/translator\translator-bibliography-dictionary-English.dict"
Dictionary: translator-bibliography-dictionary, Language: English 
) ("C:\Users\matth\AppData\Local\Programs\MiKTeX 2.9\tex/latex/translator\translator-environment-dictionary-English.dict"
Dictionary: translator-environment-dictionary, Language: English 
) ("C:\Users\matth\AppData\Local\Programs\MiKTeX 2.9\tex/latex/translator\translator-months-dictionary-English.dict"
Dictionary: translator-months-dictionary, Language: English 
) ("C:\Users\matth\AppData\Local\Programs\MiKTeX 2.9\tex/latex/translator\translator-numbers-dictionary-English.dict"
Dictionary: translator-numbers-dictionary, Language: English 
) ("C:\Users\matth\AppData\Local\Programs\MiKTeX 2.9\tex/latex/translator\translator-theorem-dictionary-English.dict"
Dictionary: translator-theorem-dictionary, Language: English 
) (c:/Users\matth\Documents\School\DRP\Beamer\main.nav)
<OldWell.png, id=43, 228.855pt x 305.14pt>
File: OldWell.png Graphic file (type png)
<use OldWell.png>
Package pdftex.def Info: OldWell.png  used on input line 105.
(pdftex.def)             Requested size: 21.33636pt x 28.44849pt.
 [1

{C:/Users/matth/AppData/Local/MiKTeX/2.9/pdftex/config/pdftex.map} <c:/Users/matth/Documents/School/DRP/Beamer/OldWell.png>]
LaTeX Font Info:    Try loading font information for U+msa on input line 144.
 ("C:\Users\matth\AppData\Local\Programs\MiKTeX 2.9\tex/latex/amsfonts\umsa.fd"
File: umsa.fd 2013/01/14 v3.01 AMS symbols A
)
LaTeX Font Info:    Try loading font information for U+msb on input line 144.
 ("C:\Users\matth\AppData\Local\Programs\MiKTeX 2.9\tex/latex/amsfonts\umsb.fd"
File: umsb.fd 2013/01/14 v3.01 AMS symbols B
)
LaTeX Font Info:    Try loading font information for OT1+mathkerncmss on input line 144.
 ("C:\Users\matth\AppData\Local\Programs\MiKTeX 2.9\tex/latex/sansmathaccent\ot1mathkerncmss.fd"
File: ot1mathkerncmss.fd 2013/03/27 Fontinst v1.933 font definitions for OT1/mathkerncmss.
)
Overfull \hbox (9.52213pt too wide) detected at line 144
[]
 []

Package epstopdf Info: Source file: <NonlinearSystem.eps>
(epstopdf)                    date: 2019-03-28 13:47:23
(epstopdf)                    size: 1265945 bytes
(epstopdf)             Output file: <NonlinearSystem-eps-converted-to.pdf>
(epstopdf)                    date: 2019-03-28 13:55:58
(epstopdf)                    size: 381874 bytes
(epstopdf)             Command: <epstopdf --outfile=NonlinearSystem-eps-converted-to.pdf NonlinearSystem.eps>
(epstopdf)             \includegraphics on input line 144.
Package epstopdf Info: Output file is already uptodate.


pdfTeX warning: pdflatex (file c:/Users/matth/Documents/School/DRP/Beamer/NonlinearSystem-eps-converted-to.pdf): PDF inclusion: found PDF version <1.7>, but at most version <1.5> allowed
<NonlinearSystem-eps-converted-to.pdf, id=81, 952.55875pt x 476.78125pt>
File: NonlinearSystem-eps-converted-to.pdf Graphic file (type pdf)
<use NonlinearSystem-eps-converted-to.pdf>
Package pdftex.def Info: NonlinearSystem-eps-converted-to.pdf  used on input line 144.
(pdftex.def)             Requested size: 273.83728pt x 137.06262pt.
File: OldWell.png Graphic file (type png)
<use OldWell.png>
Package pdftex.def Info: OldWell.png  used on input line 144.
(pdftex.def)             Requested size: 21.33636pt x 28.44849pt.
[2

 <c:/Users/matth/Documents/School/DRP/Beamer/NonlinearSystem-eps-converted-to.pdf>]
Package epstopdf Info: Source file: <r28.eps>
(epstopdf)                    date: 2019-04-16 11:49:13
(epstopdf)                    size: 899303 bytes
(epstopdf)             Output file: <r28-eps-converted-to.pdf>
(epstopdf)                    date: 2019-04-16 11:49:19
(epstopdf)                    size: 92510 bytes
(epstopdf)             Command: <epstopdf --outfile=r28-eps-converted-to.pdf r28.eps>
(epstopdf)             \includegraphics on input line 173.
Package epstopdf Info: Output file is already uptodate.


pdfTeX warning: pdflatex (file c:/Users/matth/Documents/School/DRP/Beamer/r28-eps-converted-to.pdf): PDF inclusion: found PDF version <1.7>, but at most version <1.5> allowed
<r28-eps-converted-to.pdf, id=119, 421.575pt x 316.18124pt>
File: r28-eps-converted-to.pdf Graphic file (type pdf)
<use r28-eps-converted-to.pdf>
Package pdftex.def Info: r28-eps-converted-to.pdf  used on input line 173.
(pdftex.def)             Requested size: 136.91603pt x 102.68532pt.
File: OldWell.png Graphic file (type png)
<use OldWell.png>
Package pdftex.def Info: OldWell.png  used on input line 173.
(pdftex.def)             Requested size: 21.33636pt x 28.44849pt.
[3

 <c:/Users/matth/Documents/School/DRP/Beamer/r28-eps-converted-to.pdf>]
File: OldWell.png Graphic file (type png)
<use OldWell.png>
Package pdftex.def Info: OldWell.png  used on input line 190.
(pdftex.def)             Requested size: 21.33636pt x 28.44849pt.
 [4

]
File: OldWell.png Graphic file (type png)
<use OldWell.png>
Package pdftex.def Info: OldWell.png  used on input line 206.
(pdftex.def)             Requested size: 21.33636pt x 28.44849pt.
 [5

]
File: OldWell.png Graphic file (type png)
<use OldWell.png>
Package pdftex.def Info: OldWell.png  used on input line 226.
(pdftex.def)             Requested size: 21.33636pt x 28.44849pt.
 [6

]
File: OldWell.png Graphic file (type png)
<use OldWell.png>
Package pdftex.def Info: OldWell.png  used on input line 240.
(pdftex.def)             Requested size: 21.33636pt x 28.44849pt.
 [7

]
Package epstopdf Info: Source file: <r05.eps>
(epstopdf)                    date: 2019-04-16 11:40:45
(epstopdf)                    size: 881945 bytes
(epstopdf)             Output file: <r05-eps-converted-to.pdf>
(epstopdf)                    date: 2019-04-16 11:40:53
(epstopdf)                    size: 31913 bytes
(epstopdf)             Command: <epstopdf --outfile=r05-eps-converted-to.pdf r05.eps>
(epstopdf)             \includegraphics on input line 248.
Package epstopdf Info: Output file is already uptodate.


pdfTeX warning: pdflatex (file c:/Users/matth/Documents/School/DRP/Beamer/r05-eps-converted-to.pdf): PDF inclusion: found PDF version <1.7>, but at most version <1.5> allowed
<r05-eps-converted-to.pdf, id=262, 421.575pt x 316.18124pt>
File: r05-eps-converted-to.pdf Graphic file (type pdf)
<use r05-eps-converted-to.pdf>
Package pdftex.def Info: r05-eps-converted-to.pdf  used on input line 248.
(pdftex.def)             Requested size: 239.60567pt x 179.70895pt.
File: OldWell.png Graphic file (type png)
<use OldWell.png>
Package pdftex.def Info: OldWell.png  used on input line 248.
(pdftex.def)             Requested size: 21.33636pt x 28.44849pt.
[8

 <c:/Users/matth/Documents/School/DRP/Beamer/r05-eps-converted-to.pdf>]

Package hyperref Warning: Token not allowed in a PDF string (PDFDocEncoding):
(hyperref)                removing `math shift' on input line 252.


Package hyperref Warning: Token not allowed in a PDF string (PDFDocEncoding):
(hyperref)                removing `\rho' on input line 252.


Package hyperref Warning: Token not allowed in a PDF string (PDFDocEncoding):
(hyperref)                removing `math shift' on input line 252.

Package epstopdf Info: Source file: <r1.eps>
(epstopdf)                    date: 2019-04-16 11:42:00
(epstopdf)                    size: 898947 bytes
(epstopdf)             Output file: <r1-eps-converted-to.pdf>
(epstopdf)                    date: 2019-04-16 11:42:08
(epstopdf)                    size: 65423 bytes
(epstopdf)             Command: <epstopdf --outfile=r1-eps-converted-to.pdf r1.eps>
(epstopdf)             \includegraphics on input line 260.
Package epstopdf Info: Output file is already uptodate.


pdfTeX warning: pdflatex (file c:/Users/matth/Documents/School/DRP/Beamer/r1-eps-converted-to.pdf): PDF inclusion: found PDF version <1.7>, but at most version <1.5> allowed
<r1-eps-converted-to.pdf, id=293, 421.575pt x 316.18124pt>
File: r1-eps-converted-to.pdf Graphic file (type pdf)
<use r1-eps-converted-to.pdf>
Package pdftex.def Info: r1-eps-converted-to.pdf  used on input line 260.
(pdftex.def)             Requested size: 239.60567pt x 179.70895pt.
File: OldWell.png Graphic file (type png)
<use OldWell.png>
Package pdftex.def Info: OldWell.png  used on input line 260.
(pdftex.def)             Requested size: 21.33636pt x 28.44849pt.
[9

 <c:/Users/matth/Documents/School/DRP/Beamer/r1-eps-converted-to.pdf>]
Package epstopdf Info: Source file: <r10.eps>
(epstopdf)                    date: 2019-04-16 11:43:09
(epstopdf)                    size: 900324 bytes
(epstopdf)             Output file: <r10-eps-converted-to.pdf>
(epstopdf)                    date: 2019-04-16 11:43:18
(epstopdf)                    size: 38166 bytes
(epstopdf)             Command: <epstopdf --outfile=r10-eps-converted-to.pdf r10.eps>
(epstopdf)             \includegraphics on input line 270.
Package epstopdf Info: Output file is already uptodate.


pdfTeX warning: pdflatex (file c:/Users/matth/Documents/School/DRP/Beamer/r10-eps-converted-to.pdf): PDF inclusion: found PDF version <1.7>, but at most version <1.5> allowed
<r10-eps-converted-to.pdf, id=326, 421.575pt x 316.18124pt>
File: r10-eps-converted-to.pdf Graphic file (type pdf)
<use r10-eps-converted-to.pdf>
Package pdftex.def Info: r10-eps-converted-to.pdf  used on input line 270.
(pdftex.def)             Requested size: 239.60567pt x 179.70895pt.
File: OldWell.png Graphic file (type png)
<use OldWell.png>
Package pdftex.def Info: OldWell.png  used on input line 270.
(pdftex.def)             Requested size: 21.33636pt x 28.44849pt.
[10

 <c:/Users/matth/Documents/School/DRP/Beamer/r10-eps-converted-to.pdf>]
Package epstopdf Info: Source file: <r20.eps>
(epstopdf)                    date: 2019-04-16 11:44:30
(epstopdf)                    size: 898860 bytes
(epstopdf)             Output file: <r20-eps-converted-to.pdf>
(epstopdf)                    date: 2019-04-16 11:44:39
(epstopdf)                    size: 81851 bytes
(epstopdf)             Command: <epstopdf --outfile=r20-eps-converted-to.pdf r20.eps>
(epstopdf)             \includegraphics on input line 280.
Package epstopdf Info: Output file is already uptodate.


pdfTeX warning: pdflatex (file c:/Users/matth/Documents/School/DRP/Beamer/r20-eps-converted-to.pdf): PDF inclusion: found PDF version <1.7>, but at most version <1.5> allowed
<r20-eps-converted-to.pdf, id=358, 421.575pt x 316.18124pt>
File: r20-eps-converted-to.pdf Graphic file (type pdf)
<use r20-eps-converted-to.pdf>
Package pdftex.def Info: r20-eps-converted-to.pdf  used on input line 280.
(pdftex.def)             Requested size: 239.60567pt x 179.70895pt.
File: OldWell.png Graphic file (type png)
<use OldWell.png>
Package pdftex.def Info: OldWell.png  used on input line 280.
(pdftex.def)             Requested size: 21.33636pt x 28.44849pt.
[11

 <c:/Users/matth/Documents/School/DRP/Beamer/r20-eps-converted-to.pdf>]
Package epstopdf Info: Source file: <r24.eps>
(epstopdf)                    date: 2019-04-16 11:55:22
(epstopdf)                    size: 899508 bytes
(epstopdf)             Output file: <r24-eps-converted-to.pdf>
(epstopdf)                    date: 2019-04-16 11:55:31
(epstopdf)                    size: 84268 bytes
(epstopdf)             Command: <epstopdf --outfile=r24-eps-converted-to.pdf r24.eps>
(epstopdf)             \includegraphics on input line 290.
Package epstopdf Info: Output file is already uptodate.


pdfTeX warning: pdflatex (file c:/Users/matth/Documents/School/DRP/Beamer/r24-eps-converted-to.pdf): PDF inclusion: found PDF version <1.7>, but at most version <1.5> allowed
<r24-eps-converted-to.pdf, id=390, 421.575pt x 316.18124pt>
File: r24-eps-converted-to.pdf Graphic file (type pdf)
<use r24-eps-converted-to.pdf>
Package pdftex.def Info: r24-eps-converted-to.pdf  used on input line 290.
(pdftex.def)             Requested size: 239.60567pt x 179.70895pt.
File: OldWell.png Graphic file (type png)
<use OldWell.png>
Package pdftex.def Info: OldWell.png  used on input line 290.
(pdftex.def)             Requested size: 21.33636pt x 28.44849pt.
[12

 <c:/Users/matth/Documents/School/DRP/Beamer/r24-eps-converted-to.pdf>]
Package epstopdf Info: Source file: <r25.eps>
(epstopdf)                    date: 2019-04-16 11:48:26
(epstopdf)                    size: 899105 bytes
(epstopdf)             Output file: <r25-eps-converted-to.pdf>
(epstopdf)                    date: 2019-04-16 11:48:33
(epstopdf)                    size: 91614 bytes
(epstopdf)             Command: <epstopdf --outfile=r25-eps-converted-to.pdf r25.eps>
(epstopdf)             \includegraphics on input line 300.
Package epstopdf Info: Output file is already uptodate.


pdfTeX warning: pdflatex (file c:/Users/matth/Documents/School/DRP/Beamer/r25-eps-converted-to.pdf): PDF inclusion: found PDF version <1.7>, but at most version <1.5> allowed
<r25-eps-converted-to.pdf, id=422, 421.575pt x 316.18124pt>
File: r25-eps-converted-to.pdf Graphic file (type pdf)
<use r25-eps-converted-to.pdf>
Package pdftex.def Info: r25-eps-converted-to.pdf  used on input line 300.
(pdftex.def)             Requested size: 239.60567pt x 179.70895pt.
File: OldWell.png Graphic file (type png)
<use OldWell.png>
Package pdftex.def Info: OldWell.png  used on input line 300.
(pdftex.def)             Requested size: 21.33636pt x 28.44849pt.
[13

 <c:/Users/matth/Documents/School/DRP/Beamer/r25-eps-converted-to.pdf>]
Package epstopdf Info: Source file: <r28.eps>
(epstopdf)                    date: 2019-04-16 11:49:13
(epstopdf)                    size: 899303 bytes
(epstopdf)             Output file: <r28-eps-converted-to.pdf>
(epstopdf)                    date: 2019-04-16 11:49:19
(epstopdf)                    size: 92510 bytes
(epstopdf)             Command: <epstopdf --outfile=r28-eps-converted-to.pdf r28.eps>
(epstopdf)             \includegraphics on input line 310.
Package epstopdf Info: Output file is already uptodate.
File: r28-eps-converted-to.pdf Graphic file (type pdf)
<use r28-eps-converted-to.pdf>
Package pdftex.def Info: r28-eps-converted-to.pdf  used on input line 310.
(pdftex.def)             Requested size: 239.60567pt x 179.70895pt.
File: OldWell.png Graphic file (type png)
<use OldWell.png>
Package pdftex.def Info: OldWell.png  used on input line 310.
(pdftex.def)             Requested size: 21.33636pt x 28.44849pt.
 [14

]
File: OldWell.png Graphic file (type png)
<use OldWell.png>
Package pdftex.def Info: OldWell.png  used on input line 322.
(pdftex.def)             Requested size: 21.33636pt x 28.44849pt.
 [15

]
Package epstopdf Info: Source file: <SDOIC.eps>
(epstopdf)                    date: 2019-03-27 18:31:58
(epstopdf)                    size: 299963 bytes
(epstopdf)             Output file: <SDOIC-eps-converted-to.pdf>
(epstopdf)                    date: 2019-03-28 11:35:45
(epstopdf)                    size: 112146 bytes
(epstopdf)             Command: <epstopdf --outfile=SDOIC-eps-converted-to.pdf SDOIC.eps>
(epstopdf)             \includegraphics on input line 331.
Package epstopdf Info: Output file is already uptodate.


pdfTeX warning: pdflatex (file c:/Users/matth/Documents/School/DRP/Beamer/SDOIC-eps-converted-to.pdf): PDF inclusion: found PDF version <1.7>, but at most version <1.5> allowed
<SDOIC-eps-converted-to.pdf, id=505, 421.575pt x 316.18124pt>
File: SDOIC-eps-converted-to.pdf Graphic file (type pdf)
<use SDOIC-eps-converted-to.pdf>
Package pdftex.def Info: SDOIC-eps-converted-to.pdf  used on input line 331.
(pdftex.def)             Requested size: 273.83728pt x 205.38028pt.
File: OldWell.png Graphic file (type png)
<use OldWell.png>
Package pdftex.def Info: OldWell.png  used on input line 331.
(pdftex.def)             Requested size: 21.33636pt x 28.44849pt.
[16

 <c:/Users/matth/Documents/School/DRP/Beamer/SDOIC-eps-converted-to.pdf>]
File: OldWell.png Graphic file (type png)
<use OldWell.png>
Package pdftex.def Info: OldWell.png  used on input line 351.
(pdftex.def)             Requested size: 21.33636pt x 28.44849pt.
 [17

]
File: OldWell.png Graphic file (type png)
<use OldWell.png>
Package pdftex.def Info: OldWell.png  used on input line 365.
(pdftex.def)             Requested size: 21.33636pt x 28.44849pt.
 [18

]
File: OldWell.png Graphic file (type png)
<use OldWell.png>
Package pdftex.def Info: OldWell.png  used on input line 384.
(pdftex.def)             Requested size: 21.33636pt x 28.44849pt.
 [19

 <C:/Users/matth/AppData/Local/Programs/MiKTeX 2.9/tex/latex/beamer/beamericonarticle.pdf>]
File: OldWell.png Graphic file (type png)
<use OldWell.png>
Package pdftex.def Info: OldWell.png  used on input line 390.
(pdftex.def)             Requested size: 21.33636pt x 28.44849pt.
 [20

]
\tf@nav=\write6
\openout6 = `main.nav'.

\tf@toc=\write7
\openout7 = `main.toc'.

\tf@snm=\write8
\openout8 = `main.snm'.

Package atveryend Info: Empty hook `BeforeClearDocument' on input line 394.
Package atveryend Info: Empty hook `AfterLastShipout' on input line 394.
 (c:/Users\matth\Documents\School\DRP\Beamer\main.aux)
Package atveryend Info: Executing hook `AtVeryEndDocument' on input line 394.
Package atveryend Info: Executing hook `AtEndAfterFileList' on input line 394.
Package rerunfilecheck Info: File `main.out' has not changed.
(rerunfilecheck)             Checksum: E50C92A76A17EF8721283F0763F42BFE;339.
 ) 
Here is how much of TeX's memory you used:
 17536 strings out of 492945
 342132 string characters out of 3126252
 407106 words of memory out of 3000000
 20956 multiletter control sequences out of 15000+200000
 17510 words of font info for 63 fonts, out of 3000000 for 9000
 1141 hyphenation exceptions out of 8191
 56i,15n,59p,814b,568s stack positions out of 5000i,500n,10000p,200000b,50000s
<C:/Users/matth/AppData/Local/Programs/MiKTeX 2.9/fonts/type1/public/amsfonts/cm/cmex10.pfb><C:/Users/matth/AppData/Local/Programs/MiKTeX 2.9/fonts/type1/public/amsfonts/cm/cmmi10.pfb><C:/Users/matth/AppData/Local/Programs/MiKTeX 2.9/fonts/type1/public/amsfonts/cm/cmmi12.pfb><C:/Users/matth/AppData/Local/Programs/MiKTeX 2.9/fonts/type1/public/amsfonts/cm/cmss10.pfb><C:/Users/matth/AppData/Local/Programs/MiKTeX 2.9/fonts/type1/public/amsfonts/cm/cmss12.pfb><C:/Users/matth/AppData/Local/Programs/MiKTeX 2.9/fonts/type1/public/amsfonts/cm/cmss17.pfb><C:/Users/matth/AppData/Local/Programs/MiKTeX 2.9/fonts/type1/public/amsfonts/cm/cmss8.pfb><C:/Users/matth/AppData/Local/Programs/MiKTeX 2.9/fonts/type1/public/amsfonts/cm/cmss9.pfb><C:/Users/matth/AppData/Local/Programs/MiKTeX 2.9/fonts/type1/public/amsfonts/cm/cmssi10.pfb><C:/Users/matth/AppData/Local/Programs/MiKTeX 2.9/fonts/type1/public/amsfonts/cm/cmssi8.pfb><C:/Users/matth/AppData/Local/Programs/MiKTeX 2.9/fonts/type1/public/amsfonts/cm/cmssi9.pfb><C:/Users/matth/AppData/Local/Programs/MiKTeX 2.9/fonts/type1/public/amsfonts/cm/cmsy10.pfb><C:/Users/matth/AppData/Local/Programs/MiKTeX 2.9/fonts/type1/public/amsfonts/cm/cmsy8.pfb>
Output written on c:/Users\matth\Documents\School\DRP\Beamer\main.pdf (20 pages, 1230176 bytes).
PDF statistics:
 712 PDF objects out of 1000 (max. 8388607)
 50 named destinations out of 1000 (max. 500000)
 165 words of extra memory for PDF output out of 10000 (max. 10000000)

